Determining if the pthread_create exist failed with the following output:
Change Dir: /home/zsmeton/AgBot/build/CMakeFiles/CMakeTmp

Run Build Command:"/usr/bin/make" "cmTC_6fb39/fast"
/usr/bin/make -f CMakeFiles/cmTC_6fb39.dir/build.make CMakeFiles/cmTC_6fb39.dir/build
make[1]: Entering directory '/home/zsmeton/AgBot/build/CMakeFiles/CMakeTmp'
Building C object CMakeFiles/cmTC_6fb39.dir/CheckSymbolExists.c.o
/usr/bin/cc     -o CMakeFiles/cmTC_6fb39.dir/CheckSymbolExists.c.o   -c /home/zsmeton/AgBot/build/CMakeFiles/CMakeTmp/CheckSymbolExists.c
Linking C executable cmTC_6fb39
/usr/bin/cmake -E cmake_link_script CMakeFiles/cmTC_6fb39.dir/link.txt --verbose=1
/usr/bin/cc       CMakeFiles/cmTC_6fb39.dir/CheckSymbolExists.c.o  -o cmTC_6fb39 -rdynamic 
CMakeFiles/cmTC_6fb39.dir/CheckSymbolExists.c.o: In function `main':
CheckSymbolExists.c:(.text+0x16): undefined reference to `pthread_create'
collect2: error: ld returned 1 exit status
CMakeFiles/cmTC_6fb39.dir/build.make:97: recipe for target 'cmTC_6fb39' failed
make[1]: *** [cmTC_6fb39] Error 1
make[1]: Leaving directory '/home/zsmeton/AgBot/build/CMakeFiles/CMakeTmp'
Makefile:126: recipe for target 'cmTC_6fb39/fast' failed
make: *** [cmTC_6fb39/fast] Error 2

File /home/zsmeton/AgBot/build/CMakeFiles/CMakeTmp/CheckSymbolExists.c:
/* */
#include <pthread.h>

int main(int argc, char** argv)
{
  (void)argv;
#ifndef pthread_create
  return ((int*)(&pthread_create))[argc];
#else
  (void)argc;
  return 0;
#endif
}

Determining if the function pthread_create exists in the pthreads failed with the following output:
Change Dir: /home/zsmeton/AgBot/build/CMakeFiles/CMakeTmp

Run Build Command:"/usr/bin/make" "cmTC_54f93/fast"
/usr/bin/make -f CMakeFiles/cmTC_54f93.dir/build.make CMakeFiles/cmTC_54f93.dir/build
make[1]: Entering directory '/home/zsmeton/AgBot/build/CMakeFiles/CMakeTmp'
Building C object CMakeFiles/cmTC_54f93.dir/CheckFunctionExists.c.o
/usr/bin/cc    -DCHECK_FUNCTION_EXISTS=pthread_create   -o CMakeFiles/cmTC_54f93.dir/CheckFunctionExists.c.o   -c /usr/share/cmake-3.5/Modules/CheckFunctionExists.c
Linking C executable cmTC_54f93
/usr/bin/cmake -E cmake_link_script CMakeFiles/cmTC_54f93.dir/link.txt --verbose=1
/usr/bin/cc   -DCHECK_FUNCTION_EXISTS=pthread_create    CMakeFiles/cmTC_54f93.dir/CheckFunctionExists.c.o  -o cmTC_54f93 -rdynamic -lpthreads 
/usr/bin/ld: cannot find -lpthreads
collect2: error: ld returned 1 exit status
CMakeFiles/cmTC_54f93.dir/build.make:97: recipe for target 'cmTC_54f93' failed
make[1]: *** [cmTC_54f93] Error 1
make[1]: Leaving directory '/home/zsmeton/AgBot/build/CMakeFiles/CMakeTmp'
Makefile:126: recipe for target 'cmTC_54f93/fast' failed
make: *** [cmTC_54f93/fast] Error 2


